# JRE version: OpenJDK Runtime Environment (8.0_191-b12) (build 1.8.0_191-8u191-b12-0ubuntu0.18.04.1-b12)
# Java VM: OpenJDK 64-Bit Server VM (25.191-b12 mixed mode linux-amd64 compressed oops)
Heap:
 PSYoungGen      total 1034752K, used 8188K [0x000000076d100000, 0x00000007aea00000, 0x00000007c0000000)
  eden space 1026560K, 0% used [0x000000076d100000,0x000000076d100000,0x00000007abb80000)
  from space 8192K, 99% used [0x00000007ae200000,0x00000007ae9ff0d0,0x00000007aea00000)
  to   space 7680K, 0% used [0x00000007abb80000,0x00000007abb80000,0x00000007ac300000)
 ParOldGen       total 102912K, used 11877K [0x00000006c7200000, 0x00000006cd680000, 0x000000076d100000)
  object space 102912K, 11% used [0x00000006c7200000,0x00000006c7d99718,0x00000006cd680000)
 Metaspace       used 30448K, capacity 30910K, committed 31024K, reserved 1077248K
  class space    used 3752K, capacity 3885K, committed 3888K, reserved 1048576K
GC Heap History (10 events):
Event: 5.646 GC heap after
Heap after GC invocations=6 (full 0):
 PSYoungGen      total 520192K, used 5607K [0x000000076d100000, 0x000000078d700000, 0x00000007c0000000)
  eden space 514560K, 0% used [0x000000076d100000,0x000000076d100000,0x000000078c780000)
  from space 5632K, 99% used [0x000000078ce80000,0x000000078d3f9fc8,0x000000078d400000)
  to   space 7168K, 0% used [0x000000078c780000,0x000000078c780000,0x000000078ce80000)
 ParOldGen       total 171008K, used 1721K [0x00000006c7200000, 0x00000006d1900000, 0x000000076d100000)
  object space 171008K, 1% used [0x00000006c7200000,0x00000006c73ae578,0x00000006d1900000)
 Metaspace       used 15736K, capacity 15964K, committed 16128K, reserved 1062912K
  class space    used 1879K, capacity 1948K, committed 2048K, reserved 1048576K
}
Event: 7.257 GC heap before
{Heap before GC invocations=7 (full 0):
 PSYoungGen      total 520192K, used 320936K [0x000000076d100000, 0x000000078d700000, 0x00000007c0000000)
  eden space 514560K, 61% used [0x000000076d100000,0x00000007804f0130,0x000000078c780000)
  from space 5632K, 99% used [0x000000078ce80000,0x000000078d3f9fc8,0x000000078d400000)
  to   space 7168K, 0% used [0x000000078c780000,0x000000078c780000,0x000000078ce80000)
 ParOldGen       total 171008K, used 1721K [0x00000006c7200000, 0x00000006d1900000, 0x000000076d100000)
  object space 171008K, 1% used [0x00000006c7200000,0x00000006c73ae578,0x00000006d1900000)
 Metaspace       used 20972K, capacity 21240K, committed 21296K, reserved 1069056K
  class space    used 2481K, capacity 2572K, committed 2608K, reserved 1048576K
Event: 7.281 GC heap after
Heap after GC invocations=7 (full 0):
 PSYoungGen      total 521728K, used 5757K [0x000000076d100000, 0x00000007acd00000, 0x00000007c0000000)
  eden space 514560K, 0% used [0x000000076d100000,0x000000076d100000,0x000000078c780000)
  from space 7168K, 80% used [0x000000078c780000,0x000000078cd1f4b0,0x000000078ce80000)
  to   space 7680K, 0% used [0x00000007ac580000,0x00000007ac580000,0x00000007acd00000)
 ParOldGen       total 171008K, used 3550K [0x00000006c7200000, 0x00000006d1900000, 0x000000076d100000)
  object space 171008K, 2% used [0x00000006c7200000,0x00000006c7577bf0,0x00000006d1900000)
 Metaspace       used 20972K, capacity 21240K, committed 21296K, reserved 1069056K
  class space    used 2481K, capacity 2572K, committed 2608K, reserved 1048576K
}
Event: 7.281 GC heap before
{Heap before GC invocations=8 (full 1):
 PSYoungGen      total 521728K, used 5757K [0x000000076d100000, 0x00000007acd00000, 0x00000007c0000000)
  eden space 514560K, 0% used [0x000000076d100000,0x000000076d100000,0x000000078c780000)
  from space 7168K, 80% used [0x000000078c780000,0x000000078cd1f4b0,0x000000078ce80000)
  to   space 7680K, 0% used [0x00000007ac580000,0x00000007ac580000,0x00000007acd00000)
 ParOldGen       total 171008K, used 3550K [0x00000006c7200000, 0x00000006d1900000, 0x000000076d100000)
  object space 171008K, 2% used [0x00000006c7200000,0x00000006c7577bf0,0x00000006d1900000)
 Metaspace       used 20972K, capacity 21240K, committed 21296K, reserved 1069056K
  class space    used 2481K, capacity 2572K, committed 2608K, reserved 1048576K
Event: 7.363 GC heap after
Heap after GC invocations=8 (full 1):
 PSYoungGen      total 521728K, used 0K [0x000000076d100000, 0x00000007acd00000, 0x00000007c0000000)
  eden space 514560K, 0% used [0x000000076d100000,0x000000076d100000,0x000000078c780000)
  from space 7168K, 0% used [0x000000078c780000,0x000000078c780000,0x000000078ce80000)
  to   space 7680K, 0% used [0x00000007ac580000,0x00000007ac580000,0x00000007acd00000)
 ParOldGen       total 102912K, used 7340K [0x00000006c7200000, 0x00000006cd680000, 0x000000076d100000)
  object space 102912K, 7% used [0x00000006c7200000,0x00000006c792b058,0x00000006cd680000)
 Metaspace       used 20972K, capacity 21240K, committed 21296K, reserved 1069056K
  class space    used 2481K, capacity 2572K, committed 2608K, reserved 1048576K
}
Event: 9.617 GC heap before
{Heap before GC invocations=9 (full 1):
 PSYoungGen      total 521728K, used 514560K [0x000000076d100000, 0x00000007acd00000, 0x00000007c0000000)
  eden space 514560K, 100% used [0x000000076d100000,0x000000078c780000,0x000000078c780000)
  from space 7168K, 0% used [0x000000078c780000,0x000000078c780000,0x000000078ce80000)
  to   space 7680K, 0% used [0x00000007ac580000,0x00000007ac580000,0x00000007acd00000)
 ParOldGen       total 102912K, used 7340K [0x00000006c7200000, 0x00000006cd680000, 0x000000076d100000)
  object space 102912K, 7% used [0x00000006c7200000,0x00000006c792b058,0x00000006cd680000)
 Metaspace       used 24213K, capacity 24516K, committed 24880K, reserved 1071104K
  class space    used 2915K, capacity 3022K, committed 3120K, reserved 1048576K
Event: 9.650 GC heap after
Heap after GC invocations=9 (full 1):
 PSYoungGen      total 803328K, used 4680K [0x000000076d100000, 0x00000007aca80000, 0x00000007c0000000)
  eden space 798208K, 0% used [0x000000076d100000,0x000000076d100000,0x000000079dc80000)
  from space 5120K, 91% used [0x00000007ac580000,0x00000007aca123c8,0x00000007aca80000)
  to   space 7680K, 0% used [0x00000007abb80000,0x00000007abb80000,0x00000007ac300000)
 ParOldGen       total 102912K, used 7348K [0x00000006c7200000, 0x00000006cd680000, 0x000000076d100000)
  object space 102912K, 7% used [0x00000006c7200000,0x00000006c792d058,0x00000006cd680000)
 Metaspace       used 24213K, capacity 24516K, committed 24880K, reserved 1071104K
  class space    used 2915K, capacity 3022K, committed 3120K, reserved 1048576K
}
Event: 11.880 GC heap before
{Heap before GC invocations=10 (full 1):
 PSYoungGen      total 803328K, used 802888K [0x000000076d100000, 0x00000007aca80000, 0x00000007c0000000)
  eden space 798208K, 100% used [0x000000076d100000,0x000000079dc80000,0x000000079dc80000)
  from space 5120K, 91% used [0x00000007ac580000,0x00000007aca123c8,0x00000007aca80000)
  to   space 7680K, 0% used [0x00000007abb80000,0x00000007abb80000,0x00000007ac300000)
 ParOldGen       total 102912K, used 7348K [0x00000006c7200000, 0x00000006cd680000, 0x000000076d100000)
  object space 102912K, 7% used [0x00000006c7200000,0x00000006c792d058,0x00000006cd680000)
 Metaspace       used 25702K, capacity 26100K, committed 26288K, reserved 1073152K
  class space    used 3101K, capacity 3222K, committed 3248K, reserved 1048576K
Event: 11.907 GC heap after
Heap after GC invocations=10 (full 1):
 PSYoungGen      total 1034240K, used 6572K [0x000000076d100000, 0x00000007aea00000, 0x00000007c0000000)
  eden space 1026560K, 0% used [0x000000076d100000,0x000000076d100000,0x00000007abb80000)
  from space 7680K, 85% used [0x00000007abb80000,0x00000007ac1eb2b0,0x00000007ac300000)
  to   space 8192K, 0% used [0x00000007ae200000,0x00000007ae200000,0x00000007aea00000)
 ParOldGen       total 102912K, used 7356K [0x00000006c7200000, 0x00000006cd680000, 0x000000076d100000)
  object space 102912K, 7% used [0x00000006c7200000,0x00000006c792f058,0x00000006cd680000)
 Metaspace       used 25702K, capacity 26100K, committed 26288K, reserved 1073152K
  class space    used 3101K, capacity 3222K, committed 3248K, reserved 1048576K
}
Event: 16.596 GC heap before
{Heap before GC invocations=11 (full 1):
 PSYoungGen      total 1034240K, used 1033132K [0x000000076d100000, 0x00000007aea00000, 0x00000007c0000000)
  eden space 1026560K, 100% used [0x000000076d100000,0x00000007abb80000,0x00000007abb80000)
  from space 7680K, 85% used [0x00000007abb80000,0x00000007ac1eb2b0,0x00000007ac300000)
  to   space 8192K, 0% used [0x00000007ae200000,0x00000007ae200000,0x00000007aea00000)
 ParOldGen       total 102912K, used 7356K [0x00000006c7200000, 0x00000006cd680000, 0x000000076d100000)
  object space 102912K, 7% used [0x00000006c7200000,0x00000006c792f058,0x00000006cd680000)
 Metaspace       used 30448K, capacity 30910K, committed 31024K, reserved 1077248K
  class space    used 3752K, capacity 3885K, committed 3888K, reserved 1048576K

