# JRE version: OpenJDK Runtime Environment (8.0_191-b12) (build 1.8.0_191-8u191-b12-0ubuntu0.18.04.1-b12)
# Java VM: OpenJDK 64-Bit Server VM (25.191-b12 mixed mode linux-amd64 compressed oops)
Heap:
 PSYoungGen      total 939520K, used 11756K [0x000000076d100000, 0x00000007a7c00000, 0x00000007c0000000)
  eden space 927744K, 0% used [0x000000076d100000,0x000000076d100000,0x00000007a5b00000)
  from space 11776K, 99% used [0x00000007a5b00000,0x00000007a667b1e8,0x00000007a6680000)
  to   space 10240K, 0% used [0x00000007a6680000,0x00000007a6680000,0x00000007a7080000)
 ParOldGen       total 177152K, used 27870K [0x00000006c7200000, 0x00000006d1f00000, 0x000000076d100000)
  object space 177152K, 15% used [0x00000006c7200000,0x00000006c8d37880,0x00000006d1f00000)
 Metaspace       used 40754K, capacity 41254K, committed 41512K, reserved 1085440K
  class space    used 4942K, capacity 5093K, committed 5160K, reserved 1048576K
GC Heap History (10 events):
Event: 17.460 GC heap after
Heap after GC invocations=16 (full 1):
 PSYoungGen      total 665088K, used 7143K [0x000000076d100000, 0x000000079fb80000, 0x00000007c0000000)
  eden space 657920K, 0% used [0x000000076d100000,0x000000076d100000,0x0000000795380000)
  from space 7168K, 99% used [0x0000000795380000,0x0000000795a79e68,0x0000000795a80000)
  to   space 9216K, 0% used [0x000000079f280000,0x000000079f280000,0x000000079fb80000)
 ParOldGen       total 105472K, used 12309K [0x00000006c7200000, 0x00000006cd900000, 0x000000076d100000)
  object space 105472K, 11% used [0x00000006c7200000,0x00000006c7e05580,0x00000006cd900000)
 Metaspace       used 30248K, capacity 30622K, committed 30768K, reserved 1077248K
  class space    used 3728K, capacity 3853K, committed 3888K, reserved 1048576K
}
Event: 19.346 GC heap before
{Heap before GC invocations=17 (full 1):
 PSYoungGen      total 665088K, used 665063K [0x000000076d100000, 0x000000079fb80000, 0x00000007c0000000)
  eden space 657920K, 100% used [0x000000076d100000,0x0000000795380000,0x0000000795380000)
  from space 7168K, 99% used [0x0000000795380000,0x0000000795a79e68,0x0000000795a80000)
  to   space 9216K, 0% used [0x000000079f280000,0x000000079f280000,0x000000079fb80000)
 ParOldGen       total 105472K, used 12309K [0x00000006c7200000, 0x00000006cd900000, 0x000000076d100000)
  object space 105472K, 11% used [0x00000006c7200000,0x00000006c7e05580,0x00000006cd900000)
 Metaspace       used 33916K, capacity 34400K, committed 34608K, reserved 1079296K
  class space    used 4189K, capacity 4312K, committed 4400K, reserved 1048576K
Event: 19.361 GC heap after
Heap after GC invocations=17 (full 1):
 PSYoungGen      total 805888K, used 6850K [0x000000076d100000, 0x000000079f980000, 0x00000007c0000000)
  eden space 798720K, 0% used [0x000000076d100000,0x000000076d100000,0x000000079dd00000)
  from space 7168K, 95% used [0x000000079f280000,0x000000079f930820,0x000000079f980000)
  to   space 9728K, 0% used [0x000000079e680000,0x000000079e680000,0x000000079f000000)
 ParOldGen       total 105472K, used 17169K [0x00000006c7200000, 0x00000006cd900000, 0x000000076d100000)
  object space 105472K, 16% used [0x00000006c7200000,0x00000006c82c45b0,0x00000006cd900000)
 Metaspace       used 33916K, capacity 34400K, committed 34608K, reserved 1079296K
  class space    used 4189K, capacity 4312K, committed 4400K, reserved 1048576K
}
Event: 20.176 GC heap before
{Heap before GC invocations=18 (full 1):
 PSYoungGen      total 805888K, used 249503K [0x000000076d100000, 0x000000079f980000, 0x00000007c0000000)
  eden space 798720K, 30% used [0x000000076d100000,0x000000077bdf7708,0x000000079dd00000)
  from space 7168K, 95% used [0x000000079f280000,0x000000079f930820,0x000000079f980000)
  to   space 9728K, 0% used [0x000000079e680000,0x000000079e680000,0x000000079f000000)
 ParOldGen       total 105472K, used 17169K [0x00000006c7200000, 0x00000006cd900000, 0x000000076d100000)
  object space 105472K, 16% used [0x00000006c7200000,0x00000006c82c45b0,0x00000006cd900000)
 Metaspace       used 34864K, capacity 35264K, committed 35496K, reserved 1081344K
  class space    used 4300K, capacity 4408K, committed 4520K, reserved 1048576K
Event: 20.200 GC heap after
Heap after GC invocations=18 (full 1):
 PSYoungGen      total 818176K, used 6846K [0x000000076d100000, 0x00000007a7080000, 0x00000007c0000000)
  eden space 808448K, 0% used [0x000000076d100000,0x000000076d100000,0x000000079e680000)
  from space 9728K, 70% used [0x000000079e680000,0x000000079ed2fad8,0x000000079f000000)
  to   space 10240K, 0% used [0x00000007a6680000,0x00000007a6680000,0x00000007a7080000)
 ParOldGen       total 105472K, used 17177K [0x00000006c7200000, 0x00000006cd900000, 0x000000076d100000)
  object space 105472K, 16% used [0x00000006c7200000,0x00000006c82c65b0,0x00000006cd900000)
 Metaspace       used 34864K, capacity 35264K, committed 35496K, reserved 1081344K
  class space    used 4300K, capacity 4408K, committed 4520K, reserved 1048576K
}
Event: 20.200 GC heap before
{Heap before GC invocations=19 (full 2):
 PSYoungGen      total 818176K, used 6846K [0x000000076d100000, 0x00000007a7080000, 0x00000007c0000000)
  eden space 808448K, 0% used [0x000000076d100000,0x000000076d100000,0x000000079e680000)
  from space 9728K, 70% used [0x000000079e680000,0x000000079ed2fad8,0x000000079f000000)
  to   space 10240K, 0% used [0x00000007a6680000,0x00000007a6680000,0x00000007a7080000)
 ParOldGen       total 105472K, used 17177K [0x00000006c7200000, 0x00000006cd900000, 0x000000076d100000)
  object space 105472K, 16% used [0x00000006c7200000,0x00000006c82c65b0,0x00000006cd900000)
 Metaspace       used 34864K, capacity 35264K, committed 35496K, reserved 1081344K
  class space    used 4300K, capacity 4408K, committed 4520K, reserved 1048576K
Event: 20.429 GC heap after
Heap after GC invocations=19 (full 2):
 PSYoungGen      total 818176K, used 0K [0x000000076d100000, 0x00000007a7080000, 0x00000007c0000000)
  eden space 808448K, 0% used [0x000000076d100000,0x000000076d100000,0x000000079e680000)
  from space 9728K, 0% used [0x000000079e680000,0x000000079e680000,0x000000079f000000)
  to   space 10240K, 0% used [0x00000007a6680000,0x00000007a6680000,0x00000007a7080000)
 ParOldGen       total 177152K, used 21111K [0x00000006c7200000, 0x00000006d1f00000, 0x000000076d100000)
  object space 177152K, 11% used [0x00000006c7200000,0x00000006c869dea8,0x00000006d1f00000)
 Metaspace       used 34864K, capacity 35264K, committed 35496K, reserved 1081344K
  class space    used 4300K, capacity 4408K, committed 4520K, reserved 1048576K
}
Event: 23.127 GC heap before
{Heap before GC invocations=20 (full 2):
 PSYoungGen      total 818176K, used 808448K [0x000000076d100000, 0x00000007a7080000, 0x00000007c0000000)
  eden space 808448K, 100% used [0x000000076d100000,0x000000079e680000,0x000000079e680000)
  from space 9728K, 0% used [0x000000079e680000,0x000000079e680000,0x000000079f000000)
  to   space 10240K, 0% used [0x00000007a6680000,0x00000007a6680000,0x00000007a7080000)
 ParOldGen       total 177152K, used 21111K [0x00000006c7200000, 0x00000006d1f00000, 0x000000076d100000)
  object space 177152K, 11% used [0x00000006c7200000,0x00000006c869dea8,0x00000006d1f00000)
 Metaspace       used 37498K, capacity 37952K, committed 38312K, reserved 1083392K
  class space    used 4618K, capacity 4728K, committed 4776K, reserved 1048576K
Event: 23.142 GC heap after
Heap after GC invocations=20 (full 2):
 PSYoungGen      total 937984K, used 10215K [0x000000076d100000, 0x00000007a7c00000, 0x00000007c0000000)
  eden space 927744K, 0% used [0x000000076d100000,0x000000076d100000,0x00000007a5b00000)
  from space 10240K, 99% used [0x00000007a6680000,0x00000007a7079d98,0x00000007a7080000)
  to   space 11776K, 0% used [0x00000007a5b00000,0x00000007a5b00000,0x00000007a6680000)
 ParOldGen       total 177152K, used 21638K [0x00000006c7200000, 0x00000006d1f00000, 0x000000076d100000)
  object space 177152K, 12% used [0x00000006c7200000,0x00000006c8721a68,0x00000006d1f00000)
 Metaspace       used 37498K, capacity 37952K, committed 38312K, reserved 1083392K
  class space    used 4618K, capacity 4728K, committed 4776K, reserved 1048576K
}
Event: 28.027 GC heap before
{Heap before GC invocations=21 (full 2):
 PSYoungGen      total 937984K, used 937959K [0x000000076d100000, 0x00000007a7c00000, 0x00000007c0000000)
  eden space 927744K, 100% used [0x000000076d100000,0x00000007a5b00000,0x00000007a5b00000)
  from space 10240K, 99% used [0x00000007a6680000,0x00000007a7079d98,0x00000007a7080000)
  to   space 11776K, 0% used [0x00000007a5b00000,0x00000007a5b00000,0x00000007a6680000)
 ParOldGen       total 177152K, used 21638K [0x00000006c7200000, 0x00000006d1f00000, 0x000000076d100000)
  object space 177152K, 12% used [0x00000006c7200000,0x00000006c8721a68,0x00000006d1f00000)
 Metaspace       used 40754K, capacity 41254K, committed 41512K, reserved 1085440K
  class space    used 4942K, capacity 5093K, committed 5160K, reserved 1048576K

