# JRE version: OpenJDK Runtime Environment (8.0_191-b12) (build 1.8.0_191-8u191-b12-0ubuntu0.18.04.1-b12)
# Java VM: OpenJDK 64-Bit Server VM (25.191-b12 mixed mode linux-amd64 compressed oops)
Heap:
 PSYoungGen      total 1169408K, used 15851K [0x000000076d100000, 0x00000007b5b80000, 0x00000007c0000000)
  eden space 1153536K, 0% used [0x000000076d100000,0x000000076d100000,0x00000007b3780000)
  from space 15872K, 99% used [0x00000007b3c80000,0x00000007b4bfaf90,0x00000007b4c00000)
  to   space 12288K, 0% used [0x00000007b4f80000,0x00000007b4f80000,0x00000007b5b80000)
 ParOldGen       total 158720K, used 39526K [0x00000006c7200000, 0x00000006d0d00000, 0x000000076d100000)
  object space 158720K, 24% used [0x00000006c7200000,0x00000006c9899ba8,0x00000006d0d00000)
 Metaspace       used 44543K, capacity 45016K, committed 45352K, reserved 1089536K
  class space    used 5503K, capacity 5640K, committed 5672K, reserved 1048576K
GC Heap History (10 events):
Event: 15.124 GC heap after
Heap after GC invocations=16 (full 1):
 PSYoungGen      total 778240K, used 5621K [0x000000076d100000, 0x00000007ab480000, 0x00000007c0000000)
  eden space 772608K, 0% used [0x000000076d100000,0x000000076d100000,0x000000079c380000)
  from space 5632K, 99% used [0x000000079c380000,0x000000079c8fd798,0x000000079c900000)
  to   space 7680K, 0% used [0x00000007aad00000,0x00000007aad00000,0x00000007ab480000)
 ParOldGen       total 93184K, used 13141K [0x00000006c7200000, 0x00000006ccd00000, 0x000000076d100000)
  object space 93184K, 14% used [0x00000006c7200000,0x00000006c7ed56a0,0x00000006ccd00000)
 Metaspace       used 30700K, capacity 31134K, committed 31408K, reserved 1077248K
  class space    used 3790K, capacity 3917K, committed 4016K, reserved 1048576K
}
Event: 17.897 GC heap before
{Heap before GC invocations=17 (full 1):
 PSYoungGen      total 778240K, used 778229K [0x000000076d100000, 0x00000007ab480000, 0x00000007c0000000)
  eden space 772608K, 100% used [0x000000076d100000,0x000000079c380000,0x000000079c380000)
  from space 5632K, 99% used [0x000000079c380000,0x000000079c8fd798,0x000000079c900000)
  to   space 7680K, 0% used [0x00000007aad00000,0x00000007aad00000,0x00000007ab480000)
 ParOldGen       total 93184K, used 13141K [0x00000006c7200000, 0x00000006ccd00000, 0x000000076d100000)
  object space 93184K, 14% used [0x00000006c7200000,0x00000006c7ed56a0,0x00000006ccd00000)
 Metaspace       used 34855K, capacity 35264K, committed 35496K, reserved 1081344K
  class space    used 4295K, capacity 4408K, committed 4520K, reserved 1048576K
Event: 17.943 GC heap after
Heap after GC invocations=17 (full 1):
 PSYoungGen      total 1008128K, used 7653K [0x000000076d100000, 0x00000007abe80000, 0x00000007c0000000)
  eden space 1000448K, 0% used [0x000000076d100000,0x000000076d100000,0x00000007aa200000)
  from space 7680K, 99% used [0x00000007aad00000,0x00000007ab4797c0,0x00000007ab480000)
  to   space 11264K, 0% used [0x00000007aa200000,0x00000007aa200000,0x00000007aad00000)
 ParOldGen       total 93184K, used 20132K [0x00000006c7200000, 0x00000006ccd00000, 0x000000076d100000)
  object space 93184K, 21% used [0x00000006c7200000,0x00000006c85a9340,0x00000006ccd00000)
 Metaspace       used 34855K, capacity 35264K, committed 35496K, reserved 1081344K
  class space    used 4295K, capacity 4408K, committed 4520K, reserved 1048576K
}
Event: 17.944 GC heap before
{Heap before GC invocations=18 (full 2):
 PSYoungGen      total 1008128K, used 7653K [0x000000076d100000, 0x00000007abe80000, 0x00000007c0000000)
  eden space 1000448K, 0% used [0x000000076d100000,0x000000076d100000,0x00000007aa200000)
  from space 7680K, 99% used [0x00000007aad00000,0x00000007ab4797c0,0x00000007ab480000)
  to   space 11264K, 0% used [0x00000007aa200000,0x00000007aa200000,0x00000007aad00000)
 ParOldGen       total 93184K, used 20132K [0x00000006c7200000, 0x00000006ccd00000, 0x000000076d100000)
  object space 93184K, 21% used [0x00000006c7200000,0x00000006c85a9340,0x00000006ccd00000)
 Metaspace       used 34855K, capacity 35264K, committed 35496K, reserved 1081344K
  class space    used 4295K, capacity 4408K, committed 4520K, reserved 1048576K
Event: 18.151 GC heap after
Heap after GC invocations=18 (full 2):
 PSYoungGen      total 1008128K, used 0K [0x000000076d100000, 0x00000007abe80000, 0x00000007c0000000)
  eden space 1000448K, 0% used [0x000000076d100000,0x000000076d100000,0x00000007aa200000)
  from space 7680K, 0% used [0x00000007aad00000,0x00000007aad00000,0x00000007ab480000)
  to   space 11264K, 0% used [0x00000007aa200000,0x00000007aa200000,0x00000007aad00000)
 ParOldGen       total 158720K, used 23414K [0x00000006c7200000, 0x00000006d0d00000, 0x000000076d100000)
  object space 158720K, 14% used [0x00000006c7200000,0x00000006c88dd998,0x00000006d0d00000)
 Metaspace       used 34855K, capacity 35264K, committed 35496K, reserved 1081344K
  class space    used 4295K, capacity 4408K, committed 4520K, reserved 1048576K
}
Event: 107.950 GC heap before
{Heap before GC invocations=19 (full 2):
 PSYoungGen      total 1008128K, used 1000448K [0x000000076d100000, 0x00000007abe80000, 0x00000007c0000000)
  eden space 1000448K, 100% used [0x000000076d100000,0x00000007aa200000,0x00000007aa200000)
  from space 7680K, 0% used [0x00000007aad00000,0x00000007aad00000,0x00000007ab480000)
  to   space 11264K, 0% used [0x00000007aa200000,0x00000007aa200000,0x00000007aad00000)
 ParOldGen       total 158720K, used 23414K [0x00000006c7200000, 0x00000006d0d00000, 0x000000076d100000)
  object space 158720K, 14% used [0x00000006c7200000,0x00000006c88dd998,0x00000006d0d00000)
 Metaspace       used 39798K, capacity 40268K, committed 40616K, reserved 1085440K
  class space    used 4804K, capacity 4922K, committed 5032K, reserved 1048576K
Event: 107.981 GC heap after
Heap after GC invocations=19 (full 2):
 PSYoungGen      total 1011712K, used 11240K [0x000000076d100000, 0x00000007b5d80000, 0x00000007c0000000)
  eden space 1000448K, 0% used [0x000000076d100000,0x000000076d100000,0x00000007aa200000)
  from space 11264K, 99% used [0x00000007aa200000,0x00000007aacfa298,0x00000007aad00000)
  to   space 14336K, 0% used [0x00000007b4f80000,0x00000007b4f80000,0x00000007b5d80000)
 ParOldGen       total 158720K, used 26859K [0x00000006c7200000, 0x00000006d0d00000, 0x000000076d100000)
  object space 158720K, 16% used [0x00000006c7200000,0x00000006c8c3ac38,0x00000006d0d00000)
 Metaspace       used 39798K, capacity 40268K, committed 40616K, reserved 1085440K
  class space    used 4804K, capacity 4922K, committed 5032K, reserved 1048576K
}
Event: 111.557 GC heap before
{Heap before GC invocations=20 (full 2):
 PSYoungGen      total 1011712K, used 1011688K [0x000000076d100000, 0x00000007b5d80000, 0x00000007c0000000)
  eden space 1000448K, 100% used [0x000000076d100000,0x00000007aa200000,0x00000007aa200000)
  from space 11264K, 99% used [0x00000007aa200000,0x00000007aacfa298,0x00000007aad00000)
  to   space 14336K, 0% used [0x00000007b4f80000,0x00000007b4f80000,0x00000007b5d80000)
 ParOldGen       total 158720K, used 26859K [0x00000006c7200000, 0x00000006d0d00000, 0x000000076d100000)
  object space 158720K, 16% used [0x00000006c7200000,0x00000006c8c3ac38,0x00000006d0d00000)
 Metaspace       used 41534K, capacity 41990K, committed 42408K, reserved 1087488K
  class space    used 5055K, capacity 5189K, committed 5288K, reserved 1048576K
Event: 111.582 GC heap after
Heap after GC invocations=20 (full 2):
 PSYoungGen      total 1165824K, used 11835K [0x000000076d100000, 0x00000007b5b80000, 0x00000007c0000000)
  eden space 1153536K, 0% used [0x000000076d100000,0x000000076d100000,0x00000007b3780000)
  from space 12288K, 96% used [0x00000007b4f80000,0x00000007b5b0ed60,0x00000007b5b80000)
  to   space 15872K, 0% used [0x00000007b3c80000,0x00000007b3c80000,0x00000007b4c00000)
 ParOldGen       total 158720K, used 33172K [0x00000006c7200000, 0x00000006d0d00000, 0x000000076d100000)
  object space 158720K, 20% used [0x00000006c7200000,0x00000006c92650a8,0x00000006d0d00000)
 Metaspace       used 41534K, capacity 41990K, committed 42408K, reserved 1087488K
  class space    used 5055K, capacity 5189K, committed 5288K, reserved 1048576K
}
Event: 114.879 GC heap before
{Heap before GC invocations=21 (full 2):
 PSYoungGen      total 1165824K, used 1165371K [0x000000076d100000, 0x00000007b5b80000, 0x00000007c0000000)
  eden space 1153536K, 100% used [0x000000076d100000,0x00000007b3780000,0x00000007b3780000)
  from space 12288K, 96% used [0x00000007b4f80000,0x00000007b5b0ed60,0x00000007b5b80000)
  to   space 15872K, 0% used [0x00000007b3c80000,0x00000007b3c80000,0x00000007b4c00000)
 ParOldGen       total 158720K, used 33172K [0x00000006c7200000, 0x00000006d0d00000, 0x000000076d100000)
  object space 158720K, 20% used [0x00000006c7200000,0x00000006c92650a8,0x00000006d0d00000)
 Metaspace       used 44543K, capacity 45016K, committed 45352K, reserved 1089536K
  class space    used 5503K, capacity 5640K, committed 5672K, reserved 1048576K

